2007.02.23 11:49 B D:\임시\bbs\html_bbs\bbs_default.html <-- happycgi /hard/hosting/news3tv/www/html_bbs bbs_default.html
2007.02.23 11:49 B D:\임시\bbs\html_bbs\bbs_default_blank.html <-- happycgi /hard/hosting/news3tv/www/html_bbs bbs_default_blank.html
2007.02.23 11:49 B D:\임시\bbs\html_bbs\bbs_default_notable.html <-- happycgi /hard/hosting/news3tv/www/html_bbs bbs_default_notable.html
2007.02.23 11:49 B D:\임시\bbs\html_bbs\bbs_default_onetoone.html <-- happycgi /hard/hosting/news3tv/www/html_bbs bbs_default_onetoone.html
2007.02.23 11:49 B D:\임시\bbs\html_bbs\bbs_default_sub.html <-- happycgi /hard/hosting/news3tv/www/html_bbs bbs_default_sub.html
2007.02.23 11:49 B D:\임시\bbs\html_bbs\bbs_detail.html <-- happycgi /hard/hosting/news3tv/www/html_bbs bbs_detail.html
2007.02.23 11:49 B D:\임시\bbs\html_bbs\bbs_detail_jang.html <-- happycgi /hard/hosting/news3tv/www/html_bbs bbs_detail_jang.html
2007.02.23 11:49 B D:\임시\bbs\html_bbs\bbs_detail_one.html <-- happycgi /hard/hosting/news3tv/www/html_bbs bbs_detail_one.html
2007.02.23 11:49 B D:\임시\bbs\html_bbs\bbs_detail_photo.html <-- happycgi /hard/hosting/news3tv/www/html_bbs bbs_detail_photo.html
2007.02.23 11:49 B D:\임시\bbs\html_bbs\bbs_detail_radio.html <-- happycgi /hard/hosting/news3tv/www/html_bbs bbs_detail_radio.html
2007.02.23 11:49 B D:\임시\bbs\html_bbs\bbs_index.html <-- happycgi /hard/hosting/news3tv/www/html_bbs bbs_index.html
2007.02.23 11:49 B D:\임시\bbs\html_bbs\bbs_list.html <-- happycgi /hard/hosting/news3tv/www/html_bbs bbs_list.html
2007.02.23 11:49 B D:\임시\bbs\html_bbs\bbs_list_best.html <-- happycgi /hard/hosting/news3tv/www/html_bbs bbs_list_best.html
2007.02.23 11:49 B D:\임시\bbs\html_bbs\bbs_list_guest.html <-- happycgi /hard/hosting/news3tv/www/html_bbs bbs_list_guest.html
2007.02.23 11:49 B D:\임시\bbs\html_bbs\bbs_list_jang.html <-- happycgi /hard/hosting/news3tv/www/html_bbs bbs_list_jang.html
2007.02.23 11:49 B D:\임시\bbs\html_bbs\bbs_list_news.html <-- happycgi /hard/hosting/news3tv/www/html_bbs bbs_list_news.html
2007.02.23 11:49 B D:\임시\bbs\html_bbs\bbs_list_news2.html <-- happycgi /hard/hosting/news3tv/www/html_bbs bbs_list_news2.html
2007.02.23 11:49 B D:\임시\bbs\html_bbs\bbs_list_one.html <-- happycgi /hard/hosting/news3tv/www/html_bbs bbs_list_one.html
2007.02.23 11:49 B D:\임시\bbs\html_bbs\bbs_list_photo.html <-- happycgi /hard/hosting/news3tv/www/html_bbs bbs_list_photo.html
2007.02.23 11:49 B D:\임시\bbs\html_bbs\bbs_list_photo2.html <-- happycgi /hard/hosting/news3tv/www/html_bbs bbs_list_photo2.html
2007.02.23 11:49 B D:\임시\bbs\html_bbs\bbs_list_photo3.html <-- happycgi /hard/hosting/news3tv/www/html_bbs bbs_list_photo3.html
2007.02.23 11:49 B D:\임시\bbs\html_bbs\bbs_list_photo4.html <-- happycgi /hard/hosting/news3tv/www/html_bbs bbs_list_photo4.html
2007.02.23 11:49 B D:\임시\bbs\html_bbs\bbs_list_photo_best.html <-- happycgi /hard/hosting/news3tv/www/html_bbs bbs_list_photo_best.html
2007.02.23 11:49 B D:\임시\bbs\html_bbs\bbs_list_radio.html <-- happycgi /hard/hosting/news3tv/www/html_bbs bbs_list_radio.html
2007.02.23 11:49 B D:\임시\bbs\html_bbs\bbs_mini_default.html <-- happycgi /hard/hosting/news3tv/www/html_bbs bbs_mini_default.html
2007.02.23 11:49 B D:\임시\bbs\html_bbs\bbs_modify.html <-- happycgi /hard/hosting/news3tv/www/html_bbs bbs_modify.html
2007.02.23 11:49 B D:\임시\bbs\html_bbs\bbs_modify_jang.html <-- happycgi /hard/hosting/news3tv/www/html_bbs bbs_modify_jang.html
2007.02.23 11:49 B D:\임시\bbs\html_bbs\bbs_modify_one.html <-- happycgi /hard/hosting/news3tv/www/html_bbs bbs_modify_one.html
2007.02.23 11:49 B D:\임시\bbs\html_bbs\bbs_modify_photo.html <-- happycgi /hard/hosting/news3tv/www/html_bbs bbs_modify_photo.html
2007.02.23 11:49 B D:\임시\bbs\html_bbs\bbs_modify_radio.html <-- happycgi /hard/hosting/news3tv/www/html_bbs bbs_modify_radio.html
2007.02.23 11:49 B D:\임시\bbs\html_bbs\bbs_regist.html <-- happycgi /hard/hosting/news3tv/www/html_bbs bbs_regist.html
2007.02.23 11:49 B D:\임시\bbs\html_bbs\bbs_regist_jang.html <-- happycgi /hard/hosting/news3tv/www/html_bbs bbs_regist_jang.html
2007.02.23 11:49 B D:\임시\bbs\html_bbs\bbs_regist_one.html <-- happycgi /hard/hosting/news3tv/www/html_bbs bbs_regist_one.html
2007.02.23 11:49 B D:\임시\bbs\html_bbs\bbs_regist_photo.html <-- happycgi /hard/hosting/news3tv/www/html_bbs bbs_regist_photo.html
2007.02.23 11:49 B D:\임시\bbs\html_bbs\bbs_reply.html <-- happycgi /hard/hosting/news3tv/www/html_bbs bbs_reply.html
2007.02.23 11:49 B D:\임시\bbs\html_bbs\bbs_reply_one.html <-- happycgi /hard/hosting/news3tv/www/html_bbs bbs_reply_one.html
2007.02.23 11:49 B D:\임시\bbs\html_bbs\bbs_reply_photo.html <-- happycgi /hard/hosting/news3tv/www/html_bbs bbs_reply_photo.html
2007.02.23 11:49 B D:\임시\bbs\html_bbs\bbs_rows.html <-- happycgi /hard/hosting/news3tv/www/html_bbs bbs_rows.html
2007.02.23 11:49 B D:\임시\bbs\html_bbs\bbs_rows_guest.html <-- happycgi /hard/hosting/news3tv/www/html_bbs bbs_rows_guest.html
2007.02.23 11:49 B D:\임시\bbs\html_bbs\bbs_rows_jang.html <-- happycgi /hard/hosting/news3tv/www/html_bbs bbs_rows_jang.html
2007.02.23 11:49 B D:\임시\bbs\html_bbs\bbs_rows_maq.html <-- happycgi /hard/hosting/news3tv/www/html_bbs bbs_rows_maq.html
2007.02.23 11:49 B D:\임시\bbs\html_bbs\bbs_rows_news.html <-- happycgi /hard/hosting/news3tv/www/html_bbs bbs_rows_news.html
2007.02.23 11:49 B D:\임시\bbs\html_bbs\bbs_rows_news2.html <-- happycgi /hard/hosting/news3tv/www/html_bbs bbs_rows_news2.html
2007.02.23 11:49 B D:\임시\bbs\html_bbs\bbs_rows_news3.html <-- happycgi /hard/hosting/news3tv/www/html_bbs bbs_rows_news3.html
2007.02.23 11:49 B D:\임시\bbs\html_bbs\bbs_rows_one.html <-- happycgi /hard/hosting/news3tv/www/html_bbs bbs_rows_one.html
2007.02.23 11:49 B D:\임시\bbs\html_bbs\bbs_rows_photo.html <-- happycgi /hard/hosting/news3tv/www/html_bbs bbs_rows_photo.html
2007.02.23 11:49 B D:\임시\bbs\html_bbs\bbs_rows_photo_best.html <-- happycgi /hard/hosting/news3tv/www/html_bbs bbs_rows_photo_best.html
2007.02.23 11:49 B D:\임시\bbs\html_bbs\bbs_rows_photo_company.html <-- happycgi /hard/hosting/news3tv/www/html_bbs bbs_rows_photo_company.html
2007.02.23 11:49 B D:\임시\bbs\html_bbs\bbs_rows_photo_n01.html <-- happycgi /hard/hosting/news3tv/www/html_bbs bbs_rows_photo_n01.html
2007.02.23 11:49 B D:\임시\bbs\html_bbs\bbs_rows_photo_n01a.html <-- happycgi /hard/hosting/news3tv/www/html_bbs bbs_rows_photo_n01a.html
2007.02.23 11:49 B D:\임시\bbs\html_bbs\bbs_rows_photo_n01aa.html <-- happycgi /hard/hosting/news3tv/www/html_bbs bbs_rows_photo_n01aa.html
2007.02.23 11:49 B D:\임시\bbs\html_bbs\bbs_rows_photo_n01b.html <-- happycgi /hard/hosting/news3tv/www/html_bbs bbs_rows_photo_n01b.html
2007.02.23 11:49 B D:\임시\bbs\html_bbs\bbs_rows_photo_n01c.html <-- happycgi /hard/hosting/news3tv/www/html_bbs bbs_rows_photo_n01c.html
2007.02.23 11:49 B D:\임시\bbs\html_bbs\bbs_rows_photo_n01d.html <-- happycgi /hard/hosting/news3tv/www/html_bbs bbs_rows_photo_n01d.html
2007.02.23 11:49 B D:\임시\bbs\html_bbs\bbs_rows_photo_n01e-1.html <-- happycgi /hard/hosting/news3tv/www/html_bbs bbs_rows_photo_n01e-1.html
2007.02.23 11:49 B D:\임시\bbs\html_bbs\bbs_rows_photo_n01e-2.html <-- happycgi /hard/hosting/news3tv/www/html_bbs bbs_rows_photo_n01e-2.html
2007.02.23 11:49 B D:\임시\bbs\html_bbs\bbs_rows_photo_n01e.html <-- happycgi /hard/hosting/news3tv/www/html_bbs bbs_rows_photo_n01e.html
2007.02.23 11:49 B D:\임시\bbs\html_bbs\bbs_rows_photo_n01F.html <-- happycgi /hard/hosting/news3tv/www/html_bbs bbs_rows_photo_n01F.html
2007.02.23 11:49 B D:\임시\bbs\html_bbs\bbs_rows_photo_n01G.html <-- happycgi /hard/hosting/news3tv/www/html_bbs bbs_rows_photo_n01G.html
2007.02.23 11:49 B D:\임시\bbs\html_bbs\bbs_rows_photo_n01h.html <-- happycgi /hard/hosting/news3tv/www/html_bbs bbs_rows_photo_n01h.html
2007.02.23 11:49 B D:\임시\bbs\html_bbs\bbs_rows_photo_simple_n01.html <-- happycgi /hard/hosting/news3tv/www/html_bbs bbs_rows_photo_simple_n01.html
2007.02.23 11:49 B D:\임시\bbs\html_bbs\bbs_rows_photo_simple_n01a.html <-- happycgi /hard/hosting/news3tv/www/html_bbs bbs_rows_photo_simple_n01a.html
2007.02.23 11:49 B D:\임시\bbs\html_bbs\bbs_rows_radio.html <-- happycgi /hard/hosting/news3tv/www/html_bbs bbs_rows_radio.html
2007.02.23 11:49 B D:\임시\bbs\html_bbs\bbs_rows_simple.html <-- happycgi /hard/hosting/news3tv/www/html_bbs bbs_rows_simple.html
2007.02.23 11:49 B D:\임시\bbs\html_bbs\bbs_rows_simple_02.html <-- happycgi /hard/hosting/news3tv/www/html_bbs bbs_rows_simple_02.html
2007.02.23 11:49 B D:\임시\bbs\html_bbs\bbs_rows_simple_03.html <-- happycgi /hard/hosting/news3tv/www/html_bbs bbs_rows_simple_03.html
2007.02.23 11:49 B D:\임시\bbs\html_bbs\bbs_rows_simple_company.html <-- happycgi /hard/hosting/news3tv/www/html_bbs bbs_rows_simple_company.html
2007.02.23 11:49 B D:\임시\bbs\html_bbs\bbs_rows_simple_n01.html <-- happycgi /hard/hosting/news3tv/www/html_bbs bbs_rows_simple_n01.html
2007.02.23 11:49 B D:\임시\bbs\html_bbs\bbs_rows_simple_n01_1.html <-- happycgi /hard/hosting/news3tv/www/html_bbs bbs_rows_simple_n01_1.html
2007.02.23 11:49 B D:\임시\bbs\html_bbs\bbs_rows_simple_n01a.html <-- happycgi /hard/hosting/news3tv/www/html_bbs bbs_rows_simple_n01a.html
2007.02.23 11:49 B D:\임시\bbs\html_bbs\bbs_rows_simple_n01b.html <-- happycgi /hard/hosting/news3tv/www/html_bbs bbs_rows_simple_n01b.html
2007.02.23 11:49 B D:\임시\bbs\html_bbs\bbs_rows_simple_n01c.html <-- happycgi /hard/hosting/news3tv/www/html_bbs bbs_rows_simple_n01c.html
2007.02.23 11:49 B D:\임시\bbs\html_bbs\bbs_rows_simple_n01d.html <-- happycgi /hard/hosting/news3tv/www/html_bbs bbs_rows_simple_n01d.html
2007.02.23 11:49 B D:\임시\bbs\html_bbs\bbs_rows_txx.html <-- happycgi /hard/hosting/news3tv/www/html_bbs bbs_rows_txx.html
2007.02.23 11:49 B D:\임시\bbs\html_bbs\search_part.html <-- happycgi /hard/hosting/news3tv/www/html_bbs search_part.html
2007.02.23 11:49 B D:\임시\bbs\html_bbs\bbs_default.html --> happycgi.com /hard/hosting/job/www/html_bbs bbs_default.html
2007.02.23 11:49 B D:\임시\bbs\html_bbs\bbs_default_blank.html --> happycgi.com /hard/hosting/job/www/html_bbs bbs_default_blank.html
2007.02.23 11:49 B D:\임시\bbs\html_bbs\bbs_default_notable.html --> happycgi.com /hard/hosting/job/www/html_bbs bbs_default_notable.html
2007.02.23 11:49 B D:\임시\bbs\html_bbs\bbs_default_onetoone.html --> happycgi.com /hard/hosting/job/www/html_bbs bbs_default_onetoone.html
2007.02.23 11:49 B D:\임시\bbs\html_bbs\bbs_default_sub.html --> happycgi.com /hard/hosting/job/www/html_bbs bbs_default_sub.html
2007.02.23 11:49 B D:\임시\bbs\html_bbs\bbs_detail.html --> happycgi.com /hard/hosting/job/www/html_bbs bbs_detail.html
2007.02.23 11:49 B D:\임시\bbs\html_bbs\bbs_detail_jang.html --> happycgi.com /hard/hosting/job/www/html_bbs bbs_detail_jang.html
2007.02.23 11:49 B D:\임시\bbs\html_bbs\bbs_detail_one.html --> happycgi.com /hard/hosting/job/www/html_bbs bbs_detail_one.html
2007.02.23 11:49 B D:\임시\bbs\html_bbs\bbs_detail_photo.html --> happycgi.com /hard/hosting/job/www/html_bbs bbs_detail_photo.html
2007.02.23 11:49 B D:\임시\bbs\html_bbs\bbs_detail_radio.html --> happycgi.com /hard/hosting/job/www/html_bbs bbs_detail_radio.html
2007.02.23 11:49 B D:\임시\bbs\html_bbs\bbs_index.html --> happycgi.com /hard/hosting/job/www/html_bbs bbs_index.html
2007.02.23 11:49 B D:\임시\bbs\html_bbs\bbs_list.html --> happycgi.com /hard/hosting/job/www/html_bbs bbs_list.html
2007.02.23 11:49 B D:\임시\bbs\html_bbs\bbs_list_best.html --> happycgi.com /hard/hosting/job/www/html_bbs bbs_list_best.html
2007.02.23 11:49 B D:\임시\bbs\html_bbs\bbs_list_guest.html --> happycgi.com /hard/hosting/job/www/html_bbs bbs_list_guest.html
2007.02.23 11:49 B D:\임시\bbs\html_bbs\bbs_list_jang.html --> happycgi.com /hard/hosting/job/www/html_bbs bbs_list_jang.html
2007.02.23 11:49 B D:\임시\bbs\html_bbs\bbs_list_news.html --> happycgi.com /hard/hosting/job/www/html_bbs bbs_list_news.html
2007.02.23 11:49 B D:\임시\bbs\html_bbs\bbs_list_news2.html --> happycgi.com /hard/hosting/job/www/html_bbs bbs_list_news2.html
2007.02.23 11:49 B D:\임시\bbs\html_bbs\bbs_list_one.html --> happycgi.com /hard/hosting/job/www/html_bbs bbs_list_one.html
2007.02.23 11:49 B D:\임시\bbs\html_bbs\bbs_list_photo.html --> happycgi.com /hard/hosting/job/www/html_bbs bbs_list_photo.html
2007.02.23 11:49 B D:\임시\bbs\html_bbs\bbs_list_photo2.html --> happycgi.com /hard/hosting/job/www/html_bbs bbs_list_photo2.html
2007.02.23 11:49 B D:\임시\bbs\html_bbs\bbs_list_photo3.html --> happycgi.com /hard/hosting/job/www/html_bbs bbs_list_photo3.html
2007.02.23 11:49 B D:\임시\bbs\html_bbs\bbs_list_photo4.html --> happycgi.com /hard/hosting/job/www/html_bbs bbs_list_photo4.html
2007.02.23 11:49 B D:\임시\bbs\html_bbs\bbs_list_photo_best.html --> happycgi.com /hard/hosting/job/www/html_bbs bbs_list_photo_best.html
2007.02.23 11:49 B D:\임시\bbs\html_bbs\bbs_list_radio.html --> happycgi.com /hard/hosting/job/www/html_bbs bbs_list_radio.html
2007.02.23 11:49 B D:\임시\bbs\html_bbs\bbs_mini_default.html --> happycgi.com /hard/hosting/job/www/html_bbs bbs_mini_default.html
2007.02.23 11:49 B D:\임시\bbs\html_bbs\bbs_modify.html --> happycgi.com /hard/hosting/job/www/html_bbs bbs_modify.html
2007.02.23 11:49 B D:\임시\bbs\html_bbs\bbs_modify_jang.html --> happycgi.com /hard/hosting/job/www/html_bbs bbs_modify_jang.html
2007.02.23 11:49 B D:\임시\bbs\html_bbs\bbs_modify_one.html --> happycgi.com /hard/hosting/job/www/html_bbs bbs_modify_one.html
2007.02.23 11:49 B D:\임시\bbs\html_bbs\bbs_modify_photo.html --> happycgi.com /hard/hosting/job/www/html_bbs bbs_modify_photo.html
2007.02.23 11:49 B D:\임시\bbs\html_bbs\bbs_modify_radio.html --> happycgi.com /hard/hosting/job/www/html_bbs bbs_modify_radio.html
2007.02.23 11:49 B D:\임시\bbs\html_bbs\bbs_regist.html --> happycgi.com /hard/hosting/job/www/html_bbs bbs_regist.html
2007.02.23 11:49 B D:\임시\bbs\html_bbs\bbs_regist_jang.html --> happycgi.com /hard/hosting/job/www/html_bbs bbs_regist_jang.html
2007.02.23 11:49 B D:\임시\bbs\html_bbs\bbs_regist_one.html --> happycgi.com /hard/hosting/job/www/html_bbs bbs_regist_one.html
2007.02.23 11:49 B D:\임시\bbs\html_bbs\bbs_regist_photo.html --> happycgi.com /hard/hosting/job/www/html_bbs bbs_regist_photo.html
2007.02.23 11:49 B D:\임시\bbs\html_bbs\bbs_reply.html --> happycgi.com /hard/hosting/job/www/html_bbs bbs_reply.html
2007.02.23 11:49 B D:\임시\bbs\html_bbs\bbs_reply_one.html --> happycgi.com /hard/hosting/job/www/html_bbs bbs_reply_one.html
2007.02.23 11:49 B D:\임시\bbs\html_bbs\bbs_reply_photo.html --> happycgi.com /hard/hosting/job/www/html_bbs bbs_reply_photo.html
2007.02.23 11:49 B D:\임시\bbs\html_bbs\bbs_rows.html --> happycgi.com /hard/hosting/job/www/html_bbs bbs_rows.html
2007.02.23 11:49 B D:\임시\bbs\html_bbs\bbs_rows_guest.html --> happycgi.com /hard/hosting/job/www/html_bbs bbs_rows_guest.html
2007.02.23 11:49 B D:\임시\bbs\html_bbs\bbs_rows_jang.html --> happycgi.com /hard/hosting/job/www/html_bbs bbs_rows_jang.html
2007.02.23 11:49 B D:\임시\bbs\html_bbs\bbs_rows_maq.html --> happycgi.com /hard/hosting/job/www/html_bbs bbs_rows_maq.html
2007.02.23 11:49 B D:\임시\bbs\html_bbs\bbs_rows_news.html --> happycgi.com /hard/hosting/job/www/html_bbs bbs_rows_news.html
2007.02.23 11:49 B D:\임시\bbs\html_bbs\bbs_rows_news2.html --> happycgi.com /hard/hosting/job/www/html_bbs bbs_rows_news2.html
2007.02.23 11:49 B D:\임시\bbs\html_bbs\bbs_rows_news3.html --> happycgi.com /hard/hosting/job/www/html_bbs bbs_rows_news3.html
2007.02.23 11:49 B D:\임시\bbs\html_bbs\bbs_rows_one.html --> happycgi.com /hard/hosting/job/www/html_bbs bbs_rows_one.html
2007.02.23 11:49 B D:\임시\bbs\html_bbs\bbs_rows_photo.html --> happycgi.com /hard/hosting/job/www/html_bbs bbs_rows_photo.html
2007.02.23 11:49 B D:\임시\bbs\html_bbs\bbs_rows_photo_best.html --> happycgi.com /hard/hosting/job/www/html_bbs bbs_rows_photo_best.html
2007.02.23 11:49 B D:\임시\bbs\html_bbs\bbs_rows_photo_company.html --> happycgi.com /hard/hosting/job/www/html_bbs bbs_rows_photo_company.html
2007.02.23 11:49 B D:\임시\bbs\html_bbs\bbs_rows_photo_n01.html --> happycgi.com /hard/hosting/job/www/html_bbs bbs_rows_photo_n01.html
2007.02.23 11:49 B D:\임시\bbs\html_bbs\bbs_rows_photo_n01a.html --> happycgi.com /hard/hosting/job/www/html_bbs bbs_rows_photo_n01a.html
2007.02.23 11:49 B D:\임시\bbs\html_bbs\bbs_rows_photo_n01aa.html --> happycgi.com /hard/hosting/job/www/html_bbs bbs_rows_photo_n01aa.html
2007.02.23 11:50 B D:\임시\bbs\html_bbs\bbs_rows_photo_n01b.html --> happycgi.com /hard/hosting/job/www/html_bbs bbs_rows_photo_n01b.html
2007.02.23 11:50 B D:\임시\bbs\html_bbs\bbs_rows_photo_n01c.html --> happycgi.com /hard/hosting/job/www/html_bbs bbs_rows_photo_n01c.html
2007.02.23 11:50 B D:\임시\bbs\html_bbs\bbs_rows_photo_n01d.html --> happycgi.com /hard/hosting/job/www/html_bbs bbs_rows_photo_n01d.html
2007.02.23 11:50 B D:\임시\bbs\html_bbs\bbs_rows_photo_n01e-1.html --> happycgi.com /hard/hosting/job/www/html_bbs bbs_rows_photo_n01e-1.html
2007.02.23 11:50 B D:\임시\bbs\html_bbs\bbs_rows_photo_n01e-2.html --> happycgi.com /hard/hosting/job/www/html_bbs bbs_rows_photo_n01e-2.html
2007.02.23 11:50 B D:\임시\bbs\html_bbs\bbs_rows_photo_n01e.html --> happycgi.com /hard/hosting/job/www/html_bbs bbs_rows_photo_n01e.html
2007.02.23 11:50 B D:\임시\bbs\html_bbs\bbs_rows_photo_n01F.html --> happycgi.com /hard/hosting/job/www/html_bbs bbs_rows_photo_n01F.html
2007.02.23 11:50 B D:\임시\bbs\html_bbs\bbs_rows_photo_n01G.html --> happycgi.com /hard/hosting/job/www/html_bbs bbs_rows_photo_n01G.html
2007.02.23 11:50 B D:\임시\bbs\html_bbs\bbs_rows_photo_n01h.html --> happycgi.com /hard/hosting/job/www/html_bbs bbs_rows_photo_n01h.html
2007.02.23 11:50 B D:\임시\bbs\html_bbs\bbs_rows_photo_simple_n01.html --> happycgi.com /hard/hosting/job/www/html_bbs bbs_rows_photo_simple_n01.html
2007.02.23 11:50 B D:\임시\bbs\html_bbs\bbs_rows_photo_simple_n01a.html --> happycgi.com /hard/hosting/job/www/html_bbs bbs_rows_photo_simple_n01a.html
2007.02.23 11:50 B D:\임시\bbs\html_bbs\bbs_rows_radio.html --> happycgi.com /hard/hosting/job/www/html_bbs bbs_rows_radio.html
2007.02.23 11:50 B D:\임시\bbs\html_bbs\bbs_rows_simple.html --> happycgi.com /hard/hosting/job/www/html_bbs bbs_rows_simple.html
2007.02.23 11:50 B D:\임시\bbs\html_bbs\bbs_rows_simple_02.html --> happycgi.com /hard/hosting/job/www/html_bbs bbs_rows_simple_02.html
2007.02.23 11:50 B D:\임시\bbs\html_bbs\bbs_rows_simple_03.html --> happycgi.com /hard/hosting/job/www/html_bbs bbs_rows_simple_03.html
2007.02.23 11:50 B D:\임시\bbs\html_bbs\bbs_rows_simple_company.html --> happycgi.com /hard/hosting/job/www/html_bbs bbs_rows_simple_company.html
2007.02.23 11:50 B D:\임시\bbs\html_bbs\bbs_rows_simple_n01.html --> happycgi.com /hard/hosting/job/www/html_bbs bbs_rows_simple_n01.html
2007.02.23 11:50 B D:\임시\bbs\html_bbs\bbs_rows_simple_n01_1.html --> happycgi.com /hard/hosting/job/www/html_bbs bbs_rows_simple_n01_1.html
2007.02.23 11:50 B D:\임시\bbs\html_bbs\bbs_rows_simple_n01a.html --> happycgi.com /hard/hosting/job/www/html_bbs bbs_rows_simple_n01a.html
2007.02.23 11:50 B D:\임시\bbs\html_bbs\bbs_rows_simple_n01b.html --> happycgi.com /hard/hosting/job/www/html_bbs bbs_rows_simple_n01b.html
2007.02.23 11:50 B D:\임시\bbs\html_bbs\bbs_rows_simple_n01c.html --> happycgi.com /hard/hosting/job/www/html_bbs bbs_rows_simple_n01c.html
2007.02.23 11:50 B D:\임시\bbs\html_bbs\bbs_rows_simple_n01d.html --> happycgi.com /hard/hosting/job/www/html_bbs bbs_rows_simple_n01d.html
2007.02.23 11:50 B D:\임시\bbs\html_bbs\bbs_rows_txx.html --> happycgi.com /hard/hosting/job/www/html_bbs bbs_rows_txx.html
2007.02.23 11:50 B D:\임시\bbs\html_bbs\search_part.html --> happycgi.com /hard/hosting/job/www/html_bbs search_part.html
